<?xml version="1.0" encoding="UTF-8"?>
<testng-results skipped="0" failed="0" total="1" passed="1">
  <reporter-output>
  </reporter-output>
  <suite name="Default suite" duration-ms="41487" started-at="2024-04-01T09:31:56Z" finished-at="2024-04-01T09:32:38Z">
    <groups>
    </groups>
    <test name="Default test" duration-ms="41487" started-at="2024-04-01T09:31:56Z" finished-at="2024-04-01T09:32:38Z">
      <class name="com.amazon.testcases.AmazonHomeTest">
        <test-method status="PASS" signature="Setup()[pri:0, instance:com.amazon.testcases.AmazonHomeTest@41ee392b]" name="Setup" is-config="true" duration-ms="11486" started-at="2024-04-01T15:01:56Z" finished-at="2024-04-01T15:02:08Z">
          <reporter-output>
          </reporter-output>
        </test-method> <!-- Setup -->
        <test-method status="PASS" signature="multiItemsTest()[pri:0, instance:com.amazon.testcases.AmazonHomeTest@41ee392b]" name="multiItemsTest" duration-ms="29977" started-at="2024-04-01T15:02:08Z" finished-at="2024-04-01T15:02:38Z">
          <reporter-output>
          </reporter-output>
        </test-method> <!-- multiItemsTest -->
        <test-method status="PASS" signature="tearDown()[pri:0, instance:com.amazon.testcases.AmazonHomeTest@41ee392b]" name="tearDown" is-config="true" duration-ms="1" started-at="2024-04-01T15:02:38Z" finished-at="2024-04-01T15:02:38Z">
          <reporter-output>
          </reporter-output>
        </test-method> <!-- tearDown -->
      </class> <!-- com.amazon.testcases.AmazonHomeTest -->
    </test> <!-- Default test -->
  </suite> <!-- Default suite -->
</testng-results>
